Performing C SOURCE FILE Test CMAKE_HAVE_LIBC_PTHREAD failed with the following output:
Change Dir: /home/yang/Documents/GitHub/Notes/GP/ROS/catkin_ws/src/l_service/build/CMakeFiles/CMakeTmp

Run Build Command(s):/home/yang/miniconda3/bin/ninja cmTC_b080c && [1/2] Building C object CMakeFiles/cmTC_b080c.dir/src.c.o
[2/2] Linking C executable cmTC_b080c
FAILED: cmTC_b080c 
: && /bin/x86_64-linux-gnu-gcc-9 -DCMAKE_HAVE_LIBC_PTHREAD  -rdynamic CMakeFiles/cmTC_b080c.dir/src.c.o  -o cmTC_b080c   && :
/usr/bin/ld: CMakeFiles/cmTC_b080c.dir/src.c.o: in function `main':
src.c:(.text+0x46): undefined reference to `pthread_create'
/usr/bin/ld: src.c:(.text+0x52): undefined reference to `pthread_detach'
/usr/bin/ld: src.c:(.text+0x63): undefined reference to `pthread_join'
collect2: error: ld returned 1 exit status
ninja: build stopped: subcommand failed.


Source file was:
#include <pthread.h>

void* test_func(void* data)
{
  return data;
}

int main(void)
{
  pthread_t thread;
  pthread_create(&thread, NULL, test_func, NULL);
  pthread_detach(thread);
  pthread_join(thread, NULL);
  pthread_atfork(NULL, NULL, NULL);
  pthread_exit(NULL);

  return 0;
}

Determining if the function pthread_create exists in the pthreads failed with the following output:
Change Dir: /home/yang/Documents/GitHub/Notes/GP/ROS/catkin_ws/src/l_service/build/CMakeFiles/CMakeTmp

Run Build Command(s):/home/yang/miniconda3/bin/ninja cmTC_df06c && [1/2] Building C object CMakeFiles/cmTC_df06c.dir/CheckFunctionExists.c.o
[2/2] Linking C executable cmTC_df06c
FAILED: cmTC_df06c 
: && /bin/x86_64-linux-gnu-gcc-9 -DCHECK_FUNCTION_EXISTS=pthread_create  -rdynamic CMakeFiles/cmTC_df06c.dir/CheckFunctionExists.c.o  -o cmTC_df06c  -lpthreads && :
/usr/bin/ld: cannot find -lpthreads
collect2: error: ld returned 1 exit status
ninja: build stopped: subcommand failed.



